

Microchip MPLAB XC8 Assembler V3.10 build 20250813170317 
                                                                                               Fri Jan 30 09:23:47 2026

Microchip MPLAB XC8 C Compiler v3.10 (Free license) build 20250813170317 Og1 
     1                           	processor	16F877A
     2                           	pagewidth 120
     3                           	opt	flic
     4                           	psect	cinit,global,class=CODE,space=0,merge=1,delta=2
     5                           	psect	cstackCOMMON,global,class=COMMON,space=1,delta=1,noexec
     6                           	psect	maintext,global,class=CODE,space=0,split=1,delta=2
     7                           	psect	text1,local,class=CODE,space=0,merge=1,delta=2
     8                           	psect	text2,local,class=CODE,space=0,merge=1,delta=2
     9                           	psect	text3,local,class=CODE,space=0,merge=1,delta=2,group=1
    10                           	psect	text4,local,class=CODE,space=0,merge=1,delta=2
    11                           	psect	text5,local,class=CODE,space=0,merge=1,delta=2
    12                           	psect	text6,local,class=CODE,space=0,merge=1,delta=2
    13                           	psect	text7,local,class=CODE,space=0,merge=1,delta=2
    14                           	psect	text8,local,class=CODE,space=0,merge=1,delta=2
    15                           	psect	text9,local,class=CODE,space=0,merge=1,delta=2
    16                           	psect	config,global,abs,ovrld,class=CONFIG,space=4,delta=2,noexec
    17                           	dabs	1,0x7E,2
    18     0000                     
    19                           ; Generated 12/10/2023 GMT
    20                           ; 
    21                           ; Copyright © 2023, Microchip Technology Inc. and its subsidiaries ("Microchip")
    22                           ; All rights reserved.
    23                           ; 
    24                           ; This software is developed by Microchip Technology Inc. and its subsidiaries ("Microch
      +                          ip").
    25                           ; 
    26                           ; Redistribution and use in source and binary forms, with or without modification, are
    27                           ; permitted provided that the following conditions are met:
    28                           ; 
    29                           ;     1. Redistributions of source code must retain the above copyright notice, this lis
      +                          t of
    30                           ;        conditions and the following disclaimer.
    31                           ; 
    32                           ;     2. Redistributions in binary form must reproduce the above copyright notice, this 
      +                          list
    33                           ;        of conditions and the following disclaimer in the documentation and/or other
    34                           ;        materials provided with the distribution. Publication is not required when
    35                           ;        this file is used in an embedded application.
    36                           ; 
    37                           ;     3. Microchip's name may not be used to endorse or promote products derived from th
      +                          is
    38                           ;        software without specific prior written permission.
    39                           ; 
    40                           ; THIS SOFTWARE IS PROVIDED BY MICROCHIP "AS IS" AND ANY EXPRESS OR IMPLIED WARRANTIES,
    41                           ; INCLUDING, BUT NOT LIMITED TO, THE IMPLIED WARRANTIES OF MERCHANTABILITY AND FITNESS F
      +                          OR
    42                           ; PURPOSE ARE DISCLAIMED.  IN NO EVENT SHALL MICROCHIP BE LIABLE FOR ANY DIRECT, INDIREC
      +                          T,
    43                           ; INCIDENTAL, SPECIAL, EXEMPLARY, OR CONSEQUENTIAL DAMAGES (INCLUDING BUT NOT LIMITED TO
    44                           ; PROCUREMENT OF SUBSTITUTE GOODS OR SERVICES; LOSS OF USE, DATA OR PROFITS; OR BUSINESS
    45                           ; INTERRUPTION) HOWSOEVER CAUSED AND ON ANY THEORY OF LIABILITY, WHETHER IN CONTRACT, ST
      +                          RICT
    46                           ; LIABILITY, OR TORT (INCLUDING NEGLIGENCE OR OTHERWISE) ARISING IN ANY WAY OUT OF THE U
      +                          SE OF
    47                           ; THIS SOFTWARE, EVEN IF ADVISED OF THE POSSIBILITY OF SUCH DAMAGE.
    48                           ; 
    49                           ; 
    50                           ; Code-generator required, PIC16F877A Definitions
    51                           ; 
    52                           ; SFR Addresses
    53     0004                     fsr             equ	4
    54     0004                     fsr0            equ	4
    55     0000                     indf            equ	0
    56     0000                     indf0           equ	0
    57     0002                     pc              equ	2
    58     0002                     pcl             equ	2
    59     000A                     pclath          equ	10
    60     0003                     status          equ	3
    61     0000                     INDF            equ	0	;# 
    62     0001                     TMR0            equ	1	;# 
    63     0002                     PCL             equ	2	;# 
    64     0003                     STATUS          equ	3	;# 
    65     0004                     FSR             equ	4	;# 
    66     0005                     PORTA           equ	5	;# 
    67     0006                     PORTB           equ	6	;# 
    68     0007                     PORTC           equ	7	;# 
    69     0008                     PORTD           equ	8	;# 
    70     0009                     PORTE           equ	9	;# 
    71     000A                     PCLATH          equ	10	;# 
    72     000B                     INTCON          equ	11	;# 
    73     000C                     PIR1            equ	12	;# 
    74     000D                     PIR2            equ	13	;# 
    75     000E                     TMR1            equ	14	;# 
    76     000E                     TMR1L           equ	14	;# 
    77     000F                     TMR1H           equ	15	;# 
    78     0010                     T1CON           equ	16	;# 
    79     0011                     TMR2            equ	17	;# 
    80     0012                     T2CON           equ	18	;# 
    81     0013                     SSPBUF          equ	19	;# 
    82     0014                     SSPCON          equ	20	;# 
    83     0015                     CCPR1           equ	21	;# 
    84     0015                     CCPR1L          equ	21	;# 
    85     0016                     CCPR1H          equ	22	;# 
    86     0017                     CCP1CON         equ	23	;# 
    87     0018                     RCSTA           equ	24	;# 
    88     0019                     TXREG           equ	25	;# 
    89     001A                     RCREG           equ	26	;# 
    90     001B                     CCPR2           equ	27	;# 
    91     001B                     CCPR2L          equ	27	;# 
    92     001C                     CCPR2H          equ	28	;# 
    93     001D                     CCP2CON         equ	29	;# 
    94     001E                     ADRESH          equ	30	;# 
    95     001F                     ADCON0          equ	31	;# 
    96     0081                     OPTION_REG      equ	129	;# 
    97     0085                     TRISA           equ	133	;# 
    98     0086                     TRISB           equ	134	;# 
    99     0087                     TRISC           equ	135	;# 
   100     0088                     TRISD           equ	136	;# 
   101     0089                     TRISE           equ	137	;# 
   102     008C                     PIE1            equ	140	;# 
   103     008D                     PIE2            equ	141	;# 
   104     008E                     PCON            equ	142	;# 
   105     0091                     SSPCON2         equ	145	;# 
   106     0092                     PR2             equ	146	;# 
   107     0093                     SSPADD          equ	147	;# 
   108     0094                     SSPSTAT         equ	148	;# 
   109     0098                     TXSTA           equ	152	;# 
   110     0099                     SPBRG           equ	153	;# 
   111     009C                     CMCON           equ	156	;# 
   112     009D                     CVRCON          equ	157	;# 
   113     009E                     ADRESL          equ	158	;# 
   114     009F                     ADCON1          equ	159	;# 
   115     010C                     EEDATA          equ	268	;# 
   116     010D                     EEADR           equ	269	;# 
   117     010E                     EEDATH          equ	270	;# 
   118     010F                     EEADRH          equ	271	;# 
   119     018C                     EECON1          equ	396	;# 
   120     018D                     EECON2          equ	397	;# 
   121     0000                     INDF            equ	0	;# 
   122     0001                     TMR0            equ	1	;# 
   123     0002                     PCL             equ	2	;# 
   124     0003                     STATUS          equ	3	;# 
   125     0004                     FSR             equ	4	;# 
   126     0005                     PORTA           equ	5	;# 
   127     0006                     PORTB           equ	6	;# 
   128     0007                     PORTC           equ	7	;# 
   129     0008                     PORTD           equ	8	;# 
   130     0009                     PORTE           equ	9	;# 
   131     000A                     PCLATH          equ	10	;# 
   132     000B                     INTCON          equ	11	;# 
   133     000C                     PIR1            equ	12	;# 
   134     000D                     PIR2            equ	13	;# 
   135     000E                     TMR1            equ	14	;# 
   136     000E                     TMR1L           equ	14	;# 
   137     000F                     TMR1H           equ	15	;# 
   138     0010                     T1CON           equ	16	;# 
   139     0011                     TMR2            equ	17	;# 
   140     0012                     T2CON           equ	18	;# 
   141     0013                     SSPBUF          equ	19	;# 
   142     0014                     SSPCON          equ	20	;# 
   143     0015                     CCPR1           equ	21	;# 
   144     0015                     CCPR1L          equ	21	;# 
   145     0016                     CCPR1H          equ	22	;# 
   146     0017                     CCP1CON         equ	23	;# 
   147     0018                     RCSTA           equ	24	;# 
   148     0019                     TXREG           equ	25	;# 
   149     001A                     RCREG           equ	26	;# 
   150     001B                     CCPR2           equ	27	;# 
   151     001B                     CCPR2L          equ	27	;# 
   152     001C                     CCPR2H          equ	28	;# 
   153     001D                     CCP2CON         equ	29	;# 
   154     001E                     ADRESH          equ	30	;# 
   155     001F                     ADCON0          equ	31	;# 
   156     0081                     OPTION_REG      equ	129	;# 
   157     0085                     TRISA           equ	133	;# 
   158     0086                     TRISB           equ	134	;# 
   159     0087                     TRISC           equ	135	;# 
   160     0088                     TRISD           equ	136	;# 
   161     0089                     TRISE           equ	137	;# 
   162     008C                     PIE1            equ	140	;# 
   163     008D                     PIE2            equ	141	;# 
   164     008E                     PCON            equ	142	;# 
   165     0091                     SSPCON2         equ	145	;# 
   166     0092                     PR2             equ	146	;# 
   167     0093                     SSPADD          equ	147	;# 
   168     0094                     SSPSTAT         equ	148	;# 
   169     0098                     TXSTA           equ	152	;# 
   170     0099                     SPBRG           equ	153	;# 
   171     009C                     CMCON           equ	156	;# 
   172     009D                     CVRCON          equ	157	;# 
   173     009E                     ADRESL          equ	158	;# 
   174     009F                     ADCON1          equ	159	;# 
   175     010C                     EEDATA          equ	268	;# 
   176     010D                     EEADR           equ	269	;# 
   177     010E                     EEDATH          equ	270	;# 
   178     010F                     EEADRH          equ	271	;# 
   179     018C                     EECON1          equ	396	;# 
   180     018D                     EECON2          equ	397	;# 
   181     0013                     _SSPBUF         set	19
   182     0014                     _SSPCON         set	20
   183     0040                     _RD0            set	64
   184     009F                     _ADCON1         set	159
   185     0094                     _SSPSTAT        set	148
   186     0093                     _SSPADD         set	147
   187     0091                     _SSPCON2        set	145
   188     0440                     _TRISD0         set	1088
   189     048C                     _ACKEN          set	1164
   190     048D                     _ACKDT          set	1165
   191     048B                     _RCEN           set	1163
   192     048A                     _PEN            set	1162
   193     0488                     _SEN            set	1160
   194     043C                     _TRISC4         set	1084
   195     043B                     _TRISC3         set	1083
   196                           
   197                           	psect	cinit
   198     07FC                     start_initialization:	
   199                           ; #config settings
   200                           
   201     07FC                     __initialization:
   202     07FC                     end_of_initialization:	
   203                           ;End of C runtime variable initialization code
   204                           
   205     07FC                     __end_of__initialization:
   206     07FC  0183               	clrf	3
   207     07FD  120A  118A  2F7F   	ljmp	_main	;jump to C main() function
   208                           
   209                           	psect	cstackCOMMON
   210     0070                     __pcstackCOMMON:
   211     0070                     ?_I2C_Init:
   212     0070                     ?_I2C_Wait:	
   213                           ; 1 bytes @ 0x0
   214                           
   215     0070                     ?_I2C_Start:	
   216                           ; 1 bytes @ 0x0
   217                           
   218     0070                     ?_I2C_Stop:	
   219                           ; 1 bytes @ 0x0
   220                           
   221     0070                     ?_I2C_Write:	
   222                           ; 1 bytes @ 0x0
   223                           
   224     0070                     ?_I2C_Read:	
   225                           ; 1 bytes @ 0x0
   226                           
   227     0070                     ?_bcd2dec:	
   228                           ; 1 bytes @ 0x0
   229                           
   230     0070                     ?_RTC_Read_Seconds:	
   231                           ; 1 bytes @ 0x0
   232                           
   233     0070                     ?_main:	
   234                           ; 1 bytes @ 0x0
   235                           
   236     0070                     ?___bmul:	
   237                           ; 1 bytes @ 0x0
   238                           
   239     0070                     I2C_Write@data:	
   240                           ; 1 bytes @ 0x0
   241                           
   242     0070                     I2C_Read@ack:	
   243                           ; 1 bytes @ 0x0
   244                           
   245     0070                     ___bmul@multiplicand:	
   246                           ; 1 bytes @ 0x0
   247                           
   248     0070                     ??_I2C_Init:	
   249                           ; 1 bytes @ 0x0
   250                           
   251     0070                     ??_I2C_Wait:	
   252                           ; 1 bytes @ 0x0
   253                           
   254     0070                     ??_I2C_Start:	
   255                           ; 1 bytes @ 0x0
   256                           
   257     0070                     ??_I2C_Stop:	
   258                           ; 1 bytes @ 0x0
   259                           
   260     0070                     ??_I2C_Write:	
   261                           ; 1 bytes @ 0x0
   262                           
   263     0070                     ??_I2C_Read:	
   264                           ; 1 bytes @ 0x0
   265                           
   266                           
   267                           ; 1 bytes @ 0x0
   268     0070                     	ds	1
   269     0071                     I2C_Read@data:
   270     0071                     ___bmul@product:	
   271                           ; 1 bytes @ 0x1
   272                           
   273     0071                     ??___bmul:	
   274                           ; 1 bytes @ 0x1
   275                           
   276                           
   277                           ; 1 bytes @ 0x1
   278     0071                     	ds	1
   279     0072                     ___bmul@multiplier:
   280                           
   281                           ; 1 bytes @ 0x2
   282     0072                     	ds	1
   283     0073                     ??_bcd2dec:
   284                           
   285                           ; 1 bytes @ 0x3
   286     0073                     	ds	2
   287     0075                     bcd2dec@v:
   288                           
   289                           ; 1 bytes @ 0x5
   290     0075                     	ds	1
   291     0076                     RTC_Read_Seconds@sec:
   292     0076                     ??_RTC_Read_Seconds:	
   293                           ; 1 bytes @ 0x6
   294                           
   295                           
   296                           ; 1 bytes @ 0x6
   297     0076                     	ds	1
   298     0077                     main@prev_sec:
   299     0077                     ??_main:	
   300                           ; 1 bytes @ 0x7
   301                           
   302                           
   303                           ; 1 bytes @ 0x7
   304     0077                     	ds	1
   305     0078                     main@sec:
   306                           
   307                           ; 1 bytes @ 0x8
   308     0078                     	ds	1
   309                           
   310                           	psect	maintext
   311     077F                     __pmaintext:	
   312 ;;
   313 ;;Main: autosize = 0, tempsize = 0, incstack = 0, save=0
   314 ;;
   315 ;; *************** function _main *****************
   316 ;; Defined at:
   317 ;;		line 67 in file "digital_clock.c"
   318 ;; Parameters:    Size  Location     Type
   319 ;;		None
   320 ;; Auto vars:     Size  Location     Type
   321 ;;  sec             1    8[COMMON] unsigned char 
   322 ;;  prev_sec        1    7[COMMON] unsigned char 
   323 ;; Return value:  Size  Location     Type
   324 ;;                  1    wreg      void 
   325 ;; Registers used:
   326 ;;		wreg, status,2, status,0, pclath, cstack
   327 ;; Tracked objects:
   328 ;;		On entry : B00/0
   329 ;;		On exit  : 0/0
   330 ;;		Unchanged: 0/0
   331 ;; Data sizes:     COMMON   BANK0   BANK1   BANK3   BANK2
   332 ;;      Params:         0       0       0       0       0
   333 ;;      Locals:         2       0       0       0       0
   334 ;;      Temps:          0       0       0       0       0
   335 ;;      Totals:         2       0       0       0       0
   336 ;;Total ram usage:        2 bytes
   337 ;; Hardware stack levels required when called: 3
   338 ;; This function calls:
   339 ;;		_I2C_Init
   340 ;;		_RTC_Read_Seconds
   341 ;; This function is called by:
   342 ;;		Startup code after reset
   343 ;; This function uses a non-reentrant model
   344 ;;
   345                           
   346     077F                     _main:	
   347                           ;psect for function _main
   348                           
   349     077F                     l718:	
   350                           ;incstack = 0
   351                           ; Regs used in _main: [wreg+status,2+status,0+pclath+cstack]
   352                           
   353                           
   354                           ;digital_clock.c: 68:     unsigned char prev_sec = 0, sec;
   355     077F  01F7               	clrf	main@prev_sec
   356     0780                     l720:
   357                           
   358                           ;digital_clock.c: 70:     ADCON1 = 0x06;
   359     0780  3006               	movlw	6
   360     0781  1683               	bsf	3,5	;RP0=1, select bank1
   361     0782  1303               	bcf	3,6	;RP1=0, select bank1
   362     0783  009F               	movwf	31	;volatile
   363     0784                     l722:
   364                           
   365                           ;digital_clock.c: 71:     TRISD0 = 0;
   366     0784  1008               	bcf	8,0	;volatile
   367     0785                     l724:
   368                           
   369                           ;digital_clock.c: 72:     RD0 = 0;
   370     0785  1283               	bcf	3,5	;RP0=0, select bank0
   371     0786  1303               	bcf	3,6	;RP1=0, select bank0
   372     0787  1008               	bcf	8,0	;volatile
   373     0788                     l726:
   374                           
   375                           ;digital_clock.c: 74:     I2C_Init();
   376     0788  120A  118A  273C  120A  118A  	fcall	_I2C_Init
   377     078D                     l728:
   378                           
   379                           ;digital_clock.c: 77:         sec = RTC_Read_Seconds();
   380     078D  120A  118A  27C8  120A  118A  	fcall	_RTC_Read_Seconds
   381     0792  00F8               	movwf	main@sec
   382     0793                     l730:
   383                           
   384                           ;digital_clock.c: 79:         if(sec != prev_sec) {
   385     0793  0878               	movf	main@sec,w
   386     0794  0677               	xorwf	main@prev_sec,w
   387     0795  1903               	skipnz
   388     0796  2F98               	goto	u121
   389     0797  2F99               	goto	u120
   390     0798                     u121:
   391     0798  2F8D               	goto	l728
   392     0799                     u120:
   393     0799                     l732:
   394                           
   395                           ;digital_clock.c: 80:             RD0 = !RD0;
   396     0799  3001               	movlw	1
   397     079A  1283               	bcf	3,5	;RP0=0, select bank0
   398     079B  1303               	bcf	3,6	;RP1=0, select bank0
   399     079C  0688               	xorwf	8,f
   400                           
   401                           ;digital_clock.c: 81:             prev_sec = sec;
   402     079D  0878               	movf	main@sec,w
   403     079E  00F7               	movwf	main@prev_sec
   404     079F  2F8D               	goto	l728
   405     07A0  120A  118A  2800   	ljmp	start
   406     07A3                     __end_of_main:
   407                           
   408                           	psect	text1
   409     07C8                     __ptext1:	
   410 ;; *************** function _RTC_Read_Seconds *****************
   411 ;; Defined at:
   412 ;;		line 50 in file "digital_clock.c"
   413 ;; Parameters:    Size  Location     Type
   414 ;;		None
   415 ;; Auto vars:     Size  Location     Type
   416 ;;  sec             1    6[COMMON] unsigned char 
   417 ;; Return value:  Size  Location     Type
   418 ;;                  1    wreg      unsigned char 
   419 ;; Registers used:
   420 ;;		wreg, status,2, status,0, pclath, cstack
   421 ;; Tracked objects:
   422 ;;		On entry : 0/0
   423 ;;		On exit  : 0/0
   424 ;;		Unchanged: 0/0
   425 ;; Data sizes:     COMMON   BANK0   BANK1   BANK3   BANK2
   426 ;;      Params:         0       0       0       0       0
   427 ;;      Locals:         1       0       0       0       0
   428 ;;      Temps:          0       0       0       0       0
   429 ;;      Totals:         1       0       0       0       0
   430 ;;Total ram usage:        1 bytes
   431 ;; Hardware stack levels used: 1
   432 ;; Hardware stack levels required when called: 2
   433 ;; This function calls:
   434 ;;		_I2C_Read
   435 ;;		_I2C_Start
   436 ;;		_I2C_Stop
   437 ;;		_I2C_Write
   438 ;;		_bcd2dec
   439 ;; This function is called by:
   440 ;;		_main
   441 ;; This function uses a non-reentrant model
   442 ;;
   443                           
   444     07C8                     _RTC_Read_Seconds:	
   445                           ;psect for function _RTC_Read_Seconds
   446                           
   447     07C8                     l712:	
   448                           ;incstack = 0
   449                           ; Regs used in _RTC_Read_Seconds: [wreg+status,2+status,0+pclath+cstack]
   450                           
   451                           
   452                           ;digital_clock.c: 51:     unsigned char sec;;digital_clock.c: 53:     I2C_Start();
   453     07C8  120A  118A  271F  120A  118A  	fcall	_I2C_Start
   454                           
   455                           ;digital_clock.c: 54:     I2C_Write(0xD0);
   456     07CD  30D0               	movlw	208
   457     07CE  120A  118A  2731  120A  118A  	fcall	_I2C_Write
   458                           
   459                           ;digital_clock.c: 55:     I2C_Write(0x00);
   460     07D3  3000               	movlw	0
   461     07D4  120A  118A  2731  120A  118A  	fcall	_I2C_Write
   462                           
   463                           ;digital_clock.c: 56:     I2C_Stop();
   464     07D9  120A  118A  2728  120A  118A  	fcall	_I2C_Stop
   465                           
   466                           ;digital_clock.c: 58:     I2C_Start();
   467     07DE  120A  118A  271F  120A  118A  	fcall	_I2C_Start
   468                           
   469                           ;digital_clock.c: 59:     I2C_Write(0xD1);
   470     07E3  30D1               	movlw	209
   471     07E4  120A  118A  2731  120A  118A  	fcall	_I2C_Write
   472                           
   473                           ;digital_clock.c: 60:     sec = bcd2dec(I2C_Read(0));
   474     07E9  3000               	movlw	0
   475     07EA  120A  118A  27A3  120A  118A  	fcall	_I2C_Read
   476     07EF  120A  118A  2769  120A  118A  	fcall	_bcd2dec
   477     07F4  00F6               	movwf	RTC_Read_Seconds@sec
   478                           
   479                           ;digital_clock.c: 61:     I2C_Stop();
   480     07F5  120A  118A  2728  120A  118A  	fcall	_I2C_Stop
   481     07FA                     l714:
   482                           
   483                           ;digital_clock.c: 63:     return sec;
   484     07FA  0876               	movf	RTC_Read_Seconds@sec,w
   485     07FB                     l57:
   486     07FB  0008               	return
   487     07FC                     __end_of_RTC_Read_Seconds:
   488                           
   489                           	psect	text2
   490     0769                     __ptext2:	
   491 ;; *************** function _bcd2dec *****************
   492 ;; Defined at:
   493 ;;		line 46 in file "digital_clock.c"
   494 ;; Parameters:    Size  Location     Type
   495 ;;  v               1    wreg     unsigned char 
   496 ;; Auto vars:     Size  Location     Type
   497 ;;  v               1    5[COMMON] unsigned char 
   498 ;; Return value:  Size  Location     Type
   499 ;;                  1    wreg      unsigned char 
   500 ;; Registers used:
   501 ;;		wreg, status,2, status,0, pclath, cstack
   502 ;; Tracked objects:
   503 ;;		On entry : 0/0
   504 ;;		On exit  : 0/0
   505 ;;		Unchanged: 0/0
   506 ;; Data sizes:     COMMON   BANK0   BANK1   BANK3   BANK2
   507 ;;      Params:         0       0       0       0       0
   508 ;;      Locals:         1       0       0       0       0
   509 ;;      Temps:          2       0       0       0       0
   510 ;;      Totals:         3       0       0       0       0
   511 ;;Total ram usage:        3 bytes
   512 ;; Hardware stack levels used: 1
   513 ;; Hardware stack levels required when called: 1
   514 ;; This function calls:
   515 ;;		___bmul
   516 ;; This function is called by:
   517 ;;		_RTC_Read_Seconds
   518 ;; This function uses a non-reentrant model
   519 ;;
   520                           
   521     0769                     _bcd2dec:	
   522                           ;psect for function _bcd2dec
   523                           
   524                           
   525                           ;incstack = 0
   526                           ; Regs used in _bcd2dec: [wreg+status,2+status,0+pclath+cstack]
   527                           ;bcd2dec@v stored from wreg
   528     0769  00F5               	movwf	bcd2dec@v
   529     076A                     l708:
   530                           
   531                           ;digital_clock.c: 47:     return ((v>>4)*10 + (v & 0x0F));
   532     076A  300F               	movlw	15
   533     076B  0575               	andwf	bcd2dec@v,w
   534     076C  00F3               	movwf	??_bcd2dec
   535     076D  300A               	movlw	10
   536     076E  00F0               	movwf	___bmul@multiplicand
   537     076F  0875               	movf	bcd2dec@v,w
   538     0770  00F4               	movwf	??_bcd2dec+1
   539     0771  3004               	movlw	4
   540     0772                     u115:
   541     0772  1003               	clrc
   542     0773  0CF4               	rrf	??_bcd2dec+1,f
   543     0774  3EFF               	addlw	-1
   544     0775  1D03               	skipz
   545     0776  2F72               	goto	u115
   546     0777  0874               	movf	??_bcd2dec+1,w
   547     0778  120A  118A  2756  120A  118A  	fcall	___bmul
   548     077D  0773               	addwf	??_bcd2dec,w
   549     077E                     l54:
   550     077E  0008               	return
   551     077F                     __end_of_bcd2dec:
   552                           
   553                           	psect	text3
   554     0756                     __ptext3:	
   555 ;; *************** function ___bmul *****************
   556 ;; Defined at:
   557 ;;		line 4 in file "C:\Program Files\Microchip\xc8\v3.10\pic\sources\c99\common\Umul8.c"
   558 ;; Parameters:    Size  Location     Type
   559 ;;  multiplier      1    wreg     unsigned char 
   560 ;;  multiplicand    1    0[COMMON] unsigned char 
   561 ;; Auto vars:     Size  Location     Type
   562 ;;  multiplier      1    2[COMMON] unsigned char 
   563 ;;  product         1    1[COMMON] unsigned char 
   564 ;; Return value:  Size  Location     Type
   565 ;;                  1    wreg      unsigned char 
   566 ;; Registers used:
   567 ;;		wreg, status,2, status,0
   568 ;; Tracked objects:
   569 ;;		On entry : 0/0
   570 ;;		On exit  : 0/0
   571 ;;		Unchanged: 0/0
   572 ;; Data sizes:     COMMON   BANK0   BANK1   BANK3   BANK2
   573 ;;      Params:         1       0       0       0       0
   574 ;;      Locals:         2       0       0       0       0
   575 ;;      Temps:          0       0       0       0       0
   576 ;;      Totals:         3       0       0       0       0
   577 ;;Total ram usage:        3 bytes
   578 ;; Hardware stack levels used: 1
   579 ;; This function calls:
   580 ;;		Nothing
   581 ;; This function is called by:
   582 ;;		_bcd2dec
   583 ;; This function uses a non-reentrant model
   584 ;;
   585                           
   586     0756                     ___bmul:	
   587                           ;psect for function ___bmul
   588                           
   589                           
   590                           ;incstack = 0
   591                           ; Regs used in ___bmul: [wreg+status,2+status,0]
   592                           ;___bmul@multiplier stored from wreg
   593     0756  00F2               	movwf	___bmul@multiplier
   594     0757                     l694:
   595     0757  01F1               	clrf	___bmul@product
   596     0758                     l696:
   597     0758  1C72               	btfss	___bmul@multiplier,0
   598     0759  2F5B               	goto	u91
   599     075A  2F5C               	goto	u90
   600     075B                     u91:
   601     075B  2F5E               	goto	l700
   602     075C                     u90:
   603     075C                     l698:
   604     075C  0870               	movf	___bmul@multiplicand,w
   605     075D  07F1               	addwf	___bmul@product,f
   606     075E                     l700:
   607     075E  1003               	clrc
   608     075F  0DF0               	rlf	___bmul@multiplicand,f
   609     0760                     l702:
   610     0760  1003               	clrc
   611     0761  0CF2               	rrf	___bmul@multiplier,f
   612     0762  0872               	movf	___bmul@multiplier,w
   613     0763  1D03               	btfss	3,2
   614     0764  2F66               	goto	u101
   615     0765  2F67               	goto	u100
   616     0766                     u101:
   617     0766  2F58               	goto	l696
   618     0767                     u100:
   619     0767                     l704:
   620     0767  0871               	movf	___bmul@product,w
   621     0768                     l178:
   622     0768  0008               	return
   623     0769                     __end_of___bmul:
   624                           
   625                           	psect	text4
   626     0731                     __ptext4:	
   627 ;; *************** function _I2C_Write *****************
   628 ;; Defined at:
   629 ;;		line 30 in file "digital_clock.c"
   630 ;; Parameters:    Size  Location     Type
   631 ;;  data            1    wreg     unsigned char 
   632 ;; Auto vars:     Size  Location     Type
   633 ;;  data            1    0[COMMON] unsigned char 
   634 ;; Return value:  Size  Location     Type
   635 ;;                  1    wreg      void 
   636 ;; Registers used:
   637 ;;		wreg, status,2, status,0, pclath, cstack
   638 ;; Tracked objects:
   639 ;;		On entry : 0/0
   640 ;;		On exit  : 0/0
   641 ;;		Unchanged: 0/0
   642 ;; Data sizes:     COMMON   BANK0   BANK1   BANK3   BANK2
   643 ;;      Params:         0       0       0       0       0
   644 ;;      Locals:         1       0       0       0       0
   645 ;;      Temps:          0       0       0       0       0
   646 ;;      Totals:         1       0       0       0       0
   647 ;;Total ram usage:        1 bytes
   648 ;; Hardware stack levels used: 1
   649 ;; Hardware stack levels required when called: 1
   650 ;; This function calls:
   651 ;;		_I2C_Wait
   652 ;; This function is called by:
   653 ;;		_RTC_Read_Seconds
   654 ;; This function uses a non-reentrant model
   655 ;;
   656                           
   657     0731                     _I2C_Write:	
   658                           ;psect for function _I2C_Write
   659                           
   660                           
   661                           ;incstack = 0
   662                           ; Regs used in _I2C_Write: [wreg+status,2+status,0+pclath+cstack]
   663                           ;I2C_Write@data stored from wreg
   664     0731  00F0               	movwf	I2C_Write@data
   665     0732                     l638:
   666                           
   667                           ;digital_clock.c: 31:     I2C_Wait();
   668     0732  120A  118A  2749  120A  118A  	fcall	_I2C_Wait
   669     0737                     l640:
   670                           
   671                           ;digital_clock.c: 32:     SSPBUF = data;
   672     0737  0870               	movf	I2C_Write@data,w
   673     0738  1283               	bcf	3,5	;RP0=0, select bank0
   674     0739  1303               	bcf	3,6	;RP1=0, select bank0
   675     073A  0093               	movwf	19	;volatile
   676     073B                     l48:
   677     073B  0008               	return
   678     073C                     __end_of_I2C_Write:
   679                           
   680                           	psect	text5
   681     0728                     __ptext5:	
   682 ;; *************** function _I2C_Stop *****************
   683 ;; Defined at:
   684 ;;		line 28 in file "digital_clock.c"
   685 ;; Parameters:    Size  Location     Type
   686 ;;		None
   687 ;; Auto vars:     Size  Location     Type
   688 ;;		None
   689 ;; Return value:  Size  Location     Type
   690 ;;                  1    wreg      void 
   691 ;; Registers used:
   692 ;;		wreg, status,2, status,0, pclath, cstack
   693 ;; Tracked objects:
   694 ;;		On entry : 0/0
   695 ;;		On exit  : 0/0
   696 ;;		Unchanged: 0/0
   697 ;; Data sizes:     COMMON   BANK0   BANK1   BANK3   BANK2
   698 ;;      Params:         0       0       0       0       0
   699 ;;      Locals:         0       0       0       0       0
   700 ;;      Temps:          0       0       0       0       0
   701 ;;      Totals:         0       0       0       0       0
   702 ;;Total ram usage:        0 bytes
   703 ;; Hardware stack levels used: 1
   704 ;; Hardware stack levels required when called: 1
   705 ;; This function calls:
   706 ;;		_I2C_Wait
   707 ;; This function is called by:
   708 ;;		_RTC_Read_Seconds
   709 ;; This function uses a non-reentrant model
   710 ;;
   711                           
   712     0728                     _I2C_Stop:	
   713                           ;psect for function _I2C_Stop
   714                           
   715     0728                     l634:	
   716                           ;incstack = 0
   717                           ; Regs used in _I2C_Stop: [wreg+status,2+status,0+pclath+cstack]
   718                           
   719     0728  120A  118A  2749  120A  118A  	fcall	_I2C_Wait
   720     072D                     l636:
   721     072D  1683               	bsf	3,5	;RP0=1, select bank1
   722     072E  1303               	bcf	3,6	;RP1=0, select bank1
   723     072F  1511               	bsf	17,2	;volatile
   724     0730                     l45:
   725     0730  0008               	return
   726     0731                     __end_of_I2C_Stop:
   727                           
   728                           	psect	text6
   729     071F                     __ptext6:	
   730 ;; *************** function _I2C_Start *****************
   731 ;; Defined at:
   732 ;;		line 27 in file "digital_clock.c"
   733 ;; Parameters:    Size  Location     Type
   734 ;;		None
   735 ;; Auto vars:     Size  Location     Type
   736 ;;		None
   737 ;; Return value:  Size  Location     Type
   738 ;;                  1    wreg      void 
   739 ;; Registers used:
   740 ;;		wreg, status,2, status,0, pclath, cstack
   741 ;; Tracked objects:
   742 ;;		On entry : 0/0
   743 ;;		On exit  : 0/0
   744 ;;		Unchanged: 0/0
   745 ;; Data sizes:     COMMON   BANK0   BANK1   BANK3   BANK2
   746 ;;      Params:         0       0       0       0       0
   747 ;;      Locals:         0       0       0       0       0
   748 ;;      Temps:          0       0       0       0       0
   749 ;;      Totals:         0       0       0       0       0
   750 ;;Total ram usage:        0 bytes
   751 ;; Hardware stack levels used: 1
   752 ;; Hardware stack levels required when called: 1
   753 ;; This function calls:
   754 ;;		_I2C_Wait
   755 ;; This function is called by:
   756 ;;		_RTC_Read_Seconds
   757 ;; This function uses a non-reentrant model
   758 ;;
   759                           
   760     071F                     _I2C_Start:	
   761                           ;psect for function _I2C_Start
   762                           
   763     071F                     l630:	
   764                           ;incstack = 0
   765                           ; Regs used in _I2C_Start: [wreg+status,2+status,0+pclath+cstack]
   766                           
   767     071F  120A  118A  2749  120A  118A  	fcall	_I2C_Wait
   768     0724                     l632:
   769     0724  1683               	bsf	3,5	;RP0=1, select bank1
   770     0725  1303               	bcf	3,6	;RP1=0, select bank1
   771     0726  1411               	bsf	17,0	;volatile
   772     0727                     l42:
   773     0727  0008               	return
   774     0728                     __end_of_I2C_Start:
   775                           
   776                           	psect	text7
   777     07A3                     __ptext7:	
   778 ;; *************** function _I2C_Read *****************
   779 ;; Defined at:
   780 ;;		line 35 in file "digital_clock.c"
   781 ;; Parameters:    Size  Location     Type
   782 ;;  ack             1    wreg     unsigned char 
   783 ;; Auto vars:     Size  Location     Type
   784 ;;  ack             1    0[COMMON] unsigned char 
   785 ;;  data            1    1[COMMON] unsigned char 
   786 ;; Return value:  Size  Location     Type
   787 ;;                  1    wreg      unsigned char 
   788 ;; Registers used:
   789 ;;		wreg, status,2, status,0, pclath, cstack
   790 ;; Tracked objects:
   791 ;;		On entry : 0/0
   792 ;;		On exit  : 0/0
   793 ;;		Unchanged: 0/0
   794 ;; Data sizes:     COMMON   BANK0   BANK1   BANK3   BANK2
   795 ;;      Params:         0       0       0       0       0
   796 ;;      Locals:         2       0       0       0       0
   797 ;;      Temps:          0       0       0       0       0
   798 ;;      Totals:         2       0       0       0       0
   799 ;;Total ram usage:        2 bytes
   800 ;; Hardware stack levels used: 1
   801 ;; Hardware stack levels required when called: 1
   802 ;; This function calls:
   803 ;;		_I2C_Wait
   804 ;; This function is called by:
   805 ;;		_RTC_Read_Seconds
   806 ;; This function uses a non-reentrant model
   807 ;;
   808                           
   809     07A3                     _I2C_Read:	
   810                           ;psect for function _I2C_Read
   811                           
   812                           
   813                           ;incstack = 0
   814                           ; Regs used in _I2C_Read: [wreg+status,2+status,0+pclath+cstack]
   815                           ;I2C_Read@ack stored from wreg
   816     07A3  00F0               	movwf	I2C_Read@ack
   817     07A4                     l642:
   818                           
   819                           ;digital_clock.c: 36:     unsigned char data;;digital_clock.c: 37:     I2C_Wait(); RCEN 
      +                          = 1;
   820     07A4  120A  118A  2749  120A  118A  	fcall	_I2C_Wait
   821     07A9                     l644:
   822     07A9  1683               	bsf	3,5	;RP0=1, select bank1
   823     07AA  1303               	bcf	3,6	;RP1=0, select bank1
   824     07AB  1591               	bsf	17,3	;volatile
   825                           
   826                           ;digital_clock.c: 38:     I2C_Wait(); data = SSPBUF;
   827     07AC  120A  118A  2749  120A  118A  	fcall	_I2C_Wait
   828     07B1                     l646:
   829     07B1  1283               	bcf	3,5	;RP0=0, select bank0
   830     07B2  1303               	bcf	3,6	;RP1=0, select bank0
   831     07B3  0813               	movf	19,w	;volatile
   832     07B4  00F1               	movwf	I2C_Read@data
   833     07B5                     l648:
   834                           
   835                           ;digital_clock.c: 39:     I2C_Wait();
   836     07B5  120A  118A  2749  120A  118A  	fcall	_I2C_Wait
   837     07BA                     l650:
   838                           
   839                           ;digital_clock.c: 40:     ACKDT = (ack)?0:1;
   840     07BA  0870               	movf	I2C_Read@ack,w
   841     07BB  1903               	btfsc	3,2
   842     07BC  2FBE               	goto	u51
   843     07BD  2FC2               	goto	u50
   844     07BE                     u51:
   845     07BE  1683               	bsf	3,5	;RP0=1, select bank1
   846     07BF  1303               	bcf	3,6	;RP1=0, select bank1
   847     07C0  1691               	bsf	17,5	;volatile
   848     07C1  2FC5               	goto	u64
   849     07C2                     u50:
   850     07C2  1683               	bsf	3,5	;RP0=1, select bank1
   851     07C3  1303               	bcf	3,6	;RP1=0, select bank1
   852     07C4  1291               	bcf	17,5	;volatile
   853     07C5                     u64:
   854     07C5                     l652:
   855                           
   856                           ;digital_clock.c: 41:     ACKEN = 1;
   857     07C5  1611               	bsf	17,4	;volatile
   858     07C6                     l654:
   859                           
   860                           ;digital_clock.c: 42:     return data;
   861     07C6  0871               	movf	I2C_Read@data,w
   862     07C7                     l51:
   863     07C7  0008               	return
   864     07C8                     __end_of_I2C_Read:
   865                           
   866                           	psect	text8
   867     0749                     __ptext8:	
   868 ;; *************** function _I2C_Wait *****************
   869 ;; Defined at:
   870 ;;		line 23 in file "digital_clock.c"
   871 ;; Parameters:    Size  Location     Type
   872 ;;		None
   873 ;; Auto vars:     Size  Location     Type
   874 ;;		None
   875 ;; Return value:  Size  Location     Type
   876 ;;                  1    wreg      void 
   877 ;; Registers used:
   878 ;;		wreg, status,2
   879 ;; Tracked objects:
   880 ;;		On entry : 0/0
   881 ;;		On exit  : 0/0
   882 ;;		Unchanged: 0/0
   883 ;; Data sizes:     COMMON   BANK0   BANK1   BANK3   BANK2
   884 ;;      Params:         0       0       0       0       0
   885 ;;      Locals:         0       0       0       0       0
   886 ;;      Temps:          0       0       0       0       0
   887 ;;      Totals:         0       0       0       0       0
   888 ;;Total ram usage:        0 bytes
   889 ;; Hardware stack levels used: 1
   890 ;; This function calls:
   891 ;;		Nothing
   892 ;; This function is called by:
   893 ;;		_I2C_Start
   894 ;;		_I2C_Stop
   895 ;;		_I2C_Write
   896 ;;		_I2C_Read
   897 ;; This function uses a non-reentrant model
   898 ;;
   899                           
   900     0749                     _I2C_Wait:	
   901                           ;psect for function _I2C_Wait
   902                           
   903     0749                     l610:	
   904                           ;incstack = 0
   905                           ; Regs used in _I2C_Wait: [wreg+status,2]
   906                           
   907     0749                     l612:	
   908                           ;digital_clock.c: 24:     while ((SSPCON2 & 0x1F) || (SSPSTAT & 0x04));
   909                           
   910     0749  1683               	bsf	3,5	;RP0=1, select bank1
   911     074A  1303               	bcf	3,6	;RP1=0, select bank1
   912     074B  0811               	movf	17,w	;volatile
   913     074C  391F               	andlw	31
   914     074D  1D03               	btfss	3,2
   915     074E  2F50               	goto	u11
   916     074F  2F51               	goto	u10
   917     0750                     u11:
   918     0750  2F49               	goto	l612
   919     0751                     u10:
   920     0751                     l614:
   921     0751  1914               	btfsc	20,2	;volatile
   922     0752  2F54               	goto	u21
   923     0753  2F55               	goto	u20
   924     0754                     u21:
   925     0754  2F49               	goto	l612
   926     0755                     u20:
   927     0755                     l39:
   928     0755  0008               	return
   929     0756                     __end_of_I2C_Wait:
   930                           
   931                           	psect	text9
   932     073C                     __ptext9:	
   933 ;; *************** function _I2C_Init *****************
   934 ;; Defined at:
   935 ;;		line 14 in file "digital_clock.c"
   936 ;; Parameters:    Size  Location     Type
   937 ;;		None
   938 ;; Auto vars:     Size  Location     Type
   939 ;;		None
   940 ;; Return value:  Size  Location     Type
   941 ;;                  1    wreg      void 
   942 ;; Registers used:
   943 ;;		status,2
   944 ;; Tracked objects:
   945 ;;		On entry : 0/0
   946 ;;		On exit  : 0/0
   947 ;;		Unchanged: 0/0
   948 ;; Data sizes:     COMMON   BANK0   BANK1   BANK3   BANK2
   949 ;;      Params:         0       0       0       0       0
   950 ;;      Locals:         0       0       0       0       0
   951 ;;      Temps:          0       0       0       0       0
   952 ;;      Totals:         0       0       0       0       0
   953 ;;Total ram usage:        0 bytes
   954 ;; Hardware stack levels used: 1
   955 ;; This function calls:
   956 ;;		Nothing
   957 ;; This function is called by:
   958 ;;		_main
   959 ;; This function uses a non-reentrant model
   960 ;;
   961                           
   962     073C                     _I2C_Init:	
   963                           ;psect for function _I2C_Init
   964                           
   965     073C                     l662:	
   966                           ;incstack = 0
   967                           ; Regs used in _I2C_Init: [status,2]
   968                           
   969                           
   970                           ;digital_clock.c: 15:     SSPCON = 0x28;
   971     073C  3028               	movlw	40
   972     073D  1283               	bcf	3,5	;RP0=0, select bank0
   973     073E  1303               	bcf	3,6	;RP1=0, select bank0
   974     073F  0094               	movwf	20	;volatile
   975     0740                     l664:
   976                           
   977                           ;digital_clock.c: 16:     SSPCON2 = 0x00;
   978     0740  1683               	bsf	3,5	;RP0=1, select bank1
   979     0741  1303               	bcf	3,6	;RP1=0, select bank1
   980     0742  0191               	clrf	17	;volatile
   981     0743                     l666:
   982                           
   983                           ;digital_clock.c: 17:     SSPADD = (20000000/(4*100000))-1;
   984     0743  3031               	movlw	49
   985     0744  0093               	movwf	19	;volatile
   986                           
   987                           ;digital_clock.c: 18:     SSPSTAT = 0x00;
   988     0745  0194               	clrf	20	;volatile
   989     0746                     l668:
   990                           
   991                           ;digital_clock.c: 19:     TRISC3 = 1;
   992     0746  1587               	bsf	7,3	;volatile
   993     0747                     l670:
   994                           
   995                           ;digital_clock.c: 20:     TRISC4 = 1;
   996     0747  1607               	bsf	7,4	;volatile
   997     0748                     l33:
   998     0748  0008               	return
   999     0749                     __end_of_I2C_Init:
  1000     0002                     ___latbits      equ	2
  1001     007E                     btemp           set	126	;btemp
  1002     007E                     btemp0          set	126
  1003     007F                     btemp1          set	127
  1004     007E                     wtemp0          set	126
  1005     007F                     wtemp0a         set	127
  1006     007F                     ttemp0a         set	127
  1007     0080                     ltemp0a         set	128
  1008                           
  1009                           	psect	config
  1010                           
  1011                           ;Config register CONFIG @ 0x2007
  1012                           ;	Oscillator Selection bits
  1013                           ;	FOSC = HS, HS oscillator
  1014                           ;	Watchdog Timer Enable bit
  1015                           ;	WDTE = OFF, WDT disabled
  1016                           ;	Power-up Timer Enable bit
  1017                           ;	PWRTE = ON, PWRT enabled
  1018                           ;	Brown-out Reset Enable bit
  1019                           ;	BOREN = ON, BOR enabled
  1020                           ;	Low-Voltage (Single-Supply) In-Circuit Serial Programming Enable bit
  1021                           ;	LVP = OFF, RB3 is digital I/O, HV on MCLR must be used for programming
  1022                           ;	Data EEPROM Memory Code Protection bit
  1023                           ;	CPD = OFF, Data EEPROM code protection off
  1024                           ;	Flash Program Memory Write Enable bits
  1025                           ;	WRT = OFF, Write protection off; all program memory may be written to by EECON control
  1026                           ;	In-Circuit Debugger Mode bit
  1027                           ;	DEBUG = 0x1, unprogrammed default
  1028                           ;	Flash Program Memory Code Protection bit
  1029                           ;	CP = OFF, Code protection off
  1030     2007                     	org	8199
  1031     2007  3F72               	dw	16242

Data Sizes:
    Strings     0
    Constant    0
    Data        0
    BSS         0
    Persistent  0
    Stack       0

Auto Spaces:
    Space          Size  Autos    Used
    COMMON           14      9       9
    BANK0            80      0       0
    BANK1            80      0       0
    BANK3            96      0       0
    BANK2            96      0       0

Pointer List with Targets:

    None.

Critical Paths under _main in COMMON

    _main->_RTC_Read_Seconds
    _RTC_Read_Seconds->_bcd2dec
    _bcd2dec->___bmul

Critical Paths under _main in BANK0

    None.

Critical Paths under _main in BANK1

    None.

Critical Paths under _main in BANK3

    None.

Critical Paths under _main in BANK2

    None.

Call Graph Tables:

 ---------------------------------------------------------------------------------
 (Depth) Function   	        Calls       Base Space   Used Autos Params    Refs
 ---------------------------------------------------------------------------------
 (0) _main                                                 2     2      0     303
                                              7 COMMON     2     2      0
                           _I2C_Init
                   _RTC_Read_Seconds
 ---------------------------------------------------------------------------------
 (1) _RTC_Read_Seconds                                     1     1      0     234
                                              6 COMMON     1     1      0
                           _I2C_Read
                          _I2C_Start
                           _I2C_Stop
                          _I2C_Write
                            _bcd2dec
 ---------------------------------------------------------------------------------
 (2) _bcd2dec                                              3     3      0     166
                                              3 COMMON     3     3      0
                           _I2C_Read (ARG)
                             ___bmul
 ---------------------------------------------------------------------------------
 (3) ___bmul                                               3     2      1     108
                                              0 COMMON     3     2      1
 ---------------------------------------------------------------------------------
 (2) _I2C_Write                                            1     1      0      15
                                              0 COMMON     1     1      0
                           _I2C_Wait
 ---------------------------------------------------------------------------------
 (2) _I2C_Stop                                             0     0      0       0
                           _I2C_Wait
 ---------------------------------------------------------------------------------
 (2) _I2C_Start                                            0     0      0       0
                           _I2C_Wait
 ---------------------------------------------------------------------------------
 (2) _I2C_Read                                             2     2      0      30
                                              0 COMMON     2     2      0
                           _I2C_Wait
 ---------------------------------------------------------------------------------
 (3) _I2C_Wait                                             0     0      0       0
 ---------------------------------------------------------------------------------
 (1) _I2C_Init                                             0     0      0       0
 ---------------------------------------------------------------------------------
 Estimated maximum stack depth 3
 ---------------------------------------------------------------------------------

 Call Graph Graphs:

 _main (ROOT)
   _I2C_Init
   _RTC_Read_Seconds
     _I2C_Read
       _I2C_Wait
     _I2C_Start
       _I2C_Wait
     _I2C_Stop
       _I2C_Wait
     _I2C_Write
       _I2C_Wait
     _bcd2dec
       _I2C_Read (ARG)
       ___bmul (ARG)

Address spaces:
Name               Size   Autos  Total    Usage
BITCOMMON           14      0       0      0.0%
BITBANK0            80      0       0      0.0%
BITBANK1            80      0       0      0.0%
BITBANK3            96      0       0      0.0%
BITBANK2            96      0       0      0.0%
COMMON              14      9       9     64.3%
BANK0               80      0       0      0.0%
BANK1               80      0       0      0.0%
BANK3               96      0       0      0.0%
BANK2               96      0       0      0.0%
STACK                0      0       0      0.0%
DATA                 0      0       9      0.0%


Microchip Technology PIC Macro Assembler V3.10 build 20250813170317 
Symbol Table                                                                                   Fri Jan 30 09:23:47 2026

          ___bmul@product 0071                        l33 0748                        l42 0727  
                      l51 07C7                        l45 0730                        l54 077E  
                      l39 0755                        l48 073B                        l57 07FB  
                      u10 0751                        u11 0750                        u20 0755  
                      u21 0754                        u50 07C2                        u51 07BE  
                      u64 07C5                        u90 075C                        u91 075B  
                     l610 0749                       l178 0768                       l612 0749  
                     l700 075E                       l614 0751                       l630 071F  
                     l702 0760                       l632 0724                       l640 0737  
                     l704 0767                       l712 07C8                       l720 0780  
                     l650 07BA                       l642 07A4                       l634 0728  
                     l714 07FA                       l730 0793                       l722 0784  
                     l652 07C5                       l644 07A9                       l636 072D  
                     l708 076A                       l732 0799                       l724 0785  
                     l670 0747                       l662 073C                       l654 07C6  
                     l646 07B1                       l638 0732                       l726 0788  
                     l718 077F                       l664 0740                       l648 07B5  
                     l728 078D                       l666 0743                       l668 0746  
                     l694 0757                       l696 0758                       l698 075C  
                     _RD0 0040                       u100 0767                       u101 0766  
                     u120 0799                       u121 0798                       u115 0772  
                     _PEN 048A                       _SEN 0488                      _RCEN 048B  
                    _main 077F          __end_of_I2C_Init 0749          __end_of_I2C_Read 07C8  
                    btemp 007E          __end_of_I2C_Wait 0756          __end_of_I2C_Stop 0731  
                    start 0000         ___bmul@multiplier 0072           __end_of_bcd2dec 077F  
                   ?_main 0070                     _ACKEN 048C                     _ACKDT 048D  
                   btemp0 007E                     btemp1 007F         __end_of_I2C_Start 0728  
            main@prev_sec 0077         __end_of_I2C_Write 073C                     status 0003  
                   wtemp0 007E           __initialization 07FC              __end_of_main 07A3  
                  ??_main 0077                    _ADCON1 009F                    _SSPADD 0093  
                  _TRISD0 0440                    _TRISC3 043B                    _TRISC4 043C  
                  _SSPCON 0014                    _SSPBUF 0013                 ??_bcd2dec 0073  
                  ___bmul 0756         ?_RTC_Read_Seconds 0070                 ?_I2C_Init 0070  
               ?_I2C_Read 0070                 ?_I2C_Wait 0070                    ltemp0a 0080  
               ?_I2C_Stop 0070        ??_RTC_Read_Seconds 0076                    ttemp0a 007F  
                  wtemp0a 007F   __end_of__initialization 07FC       ___bmul@multiplicand 0070  
          __pcstackCOMMON 0070                ??_I2C_Init 0070                ??_I2C_Read 0070  
              ??_I2C_Wait 0070                ??_I2C_Stop 0070                __pmaintext 077F  
            I2C_Read@data 0071                   ?___bmul 0070                   _SSPCON2 0091  
                 _SSPSTAT 0094                 _I2C_Start 071F                 _I2C_Write 0731  
                 _bcd2dec 0769                   __ptext1 07C8                   __ptext2 0769  
                 __ptext3 0756                   __ptext4 0731                   __ptext5 0728  
                 __ptext6 071F                   __ptext7 07A3                   __ptext8 0749  
                 __ptext9 073C                   main@sec 0078      end_of_initialization 07FC  
              ?_I2C_Start 0070                ?_I2C_Write 0070            __end_of___bmul 0769  
     start_initialization 07FC               ??_I2C_Start 0070               ??_I2C_Write 0070  
                ??___bmul 0071                 ___latbits 0002               I2C_Read@ack 0070  
                ?_bcd2dec 0070                  _I2C_Init 073C                  _I2C_Read 07A3  
                _I2C_Wait 0749                  _I2C_Stop 0728          _RTC_Read_Seconds 07C8  
           I2C_Write@data 0070                  bcd2dec@v 0075       RTC_Read_Seconds@sec 0076  
__end_of_RTC_Read_Seconds 07FC  
